/*C20*/SET SCHEMA PUBLIC
DISCONNECT
/*C21*/SET SCHEMA PUBLIC
DISCONNECT
/*C17*/SET SCHEMA PUBLIC
DISCONNECT
/*C18*/SET SCHEMA PUBLIC
DISCONNECT
/*C12*/SET SCHEMA PUBLIC
DISCONNECT
/*C19*/SET SCHEMA PUBLIC
DISCONNECT
/*C14*/SET SCHEMA PUBLIC
DISCONNECT
/*C16*/SET SCHEMA PUBLIC
DISCONNECT
/*C13*/SET SCHEMA PUBLIC
DISCONNECT
/*C15*/SET SCHEMA PUBLIC
DISCONNECT
/*C24*/SET SCHEMA PUBLIC
DISCONNECT
/*C22*/SET SCHEMA PUBLIC
DISCONNECT
/*C25*/SET SCHEMA PUBLIC
DISCONNECT
/*C23*/SET SCHEMA PUBLIC
DISCONNECT
/*C26*/SET SCHEMA PUBLIC
DISCONNECT
/*C28*/SET SCHEMA PUBLIC
DISCONNECT
/*C31*/SET SCHEMA PUBLIC
DISCONNECT
/*C30*/SET SCHEMA PUBLIC
DISCONNECT
/*C29*/SET SCHEMA PUBLIC
DISCONNECT
/*C27*/SET SCHEMA PUBLIC
DISCONNECT
/*C35*/SET SCHEMA PUBLIC
DISCONNECT
/*C34*/SET SCHEMA PUBLIC
DISCONNECT
/*C33*/SET SCHEMA PUBLIC
DISCONNECT
/*C32*/SET SCHEMA PUBLIC
DISCONNECT
/*C39*/SET SCHEMA PUBLIC
DISCONNECT
/*C36*/SET SCHEMA PUBLIC
DISCONNECT
/*C40*/SET SCHEMA PUBLIC
DISCONNECT
/*C37*/SET SCHEMA PUBLIC
DISCONNECT
/*C38*/SET SCHEMA PUBLIC
DISCONNECT
/*C41*/SET SCHEMA PUBLIC
DISCONNECT
/*C44*/SET SCHEMA PUBLIC
DISCONNECT
/*C42*/SET SCHEMA PUBLIC
DISCONNECT
/*C46*/SET SCHEMA PUBLIC
DISCONNECT
/*C43*/SET SCHEMA PUBLIC
DISCONNECT
/*C45*/SET SCHEMA PUBLIC
DISCONNECT
/*C47*/SET SCHEMA PUBLIC
DISCONNECT
/*C50*/SET SCHEMA PUBLIC
DISCONNECT
/*C49*/SET SCHEMA PUBLIC
DISCONNECT
/*C48*/SET SCHEMA PUBLIC
DISCONNECT
/*C51*/SET SCHEMA PUBLIC
DISCONNECT
/*C52*/SET SCHEMA PUBLIC
DISCONNECT
/*C53*/SET SCHEMA PUBLIC
DISCONNECT
/*C55*/SET SCHEMA PUBLIC
DISCONNECT
/*C54*/SET SCHEMA PUBLIC
DISCONNECT
/*C56*/SET SCHEMA PUBLIC
DISCONNECT
/*C61*/SET SCHEMA PUBLIC
DISCONNECT
/*C57*/SET SCHEMA PUBLIC
DISCONNECT
/*C58*/SET SCHEMA PUBLIC
DISCONNECT
/*C60*/SET SCHEMA PUBLIC
DISCONNECT
/*C59*/SET SCHEMA PUBLIC
DISCONNECT
/*C62*/SET SCHEMA PUBLIC
DISCONNECT
/*C66*/SET SCHEMA PUBLIC
DISCONNECT
/*C63*/SET SCHEMA PUBLIC
DISCONNECT
/*C65*/SET SCHEMA PUBLIC
DISCONNECT
/*C64*/SET SCHEMA PUBLIC
DISCONNECT
/*C70*/SET SCHEMA PUBLIC
DISCONNECT
/*C67*/SET SCHEMA PUBLIC
DISCONNECT
/*C68*/SET SCHEMA PUBLIC
DISCONNECT
/*C69*/SET SCHEMA PUBLIC
DISCONNECT
/*C71*/SET SCHEMA PUBLIC
DISCONNECT
/*C72*/SET SCHEMA PUBLIC
DISCONNECT
/*C73*/SET SCHEMA PUBLIC
DISCONNECT
/*C76*/SET SCHEMA PUBLIC
DISCONNECT
/*C74*/SET SCHEMA PUBLIC
DISCONNECT
/*C75*/SET SCHEMA PUBLIC
DISCONNECT
/*C80*/SET SCHEMA PUBLIC
DISCONNECT
/*C79*/SET SCHEMA PUBLIC
DISCONNECT
/*C77*/SET SCHEMA PUBLIC
DISCONNECT
/*C78*/SET SCHEMA PUBLIC
DISCONNECT
/*C81*/SET SCHEMA PUBLIC
DISCONNECT
/*C82*/SET SCHEMA PUBLIC
DISCONNECT
/*C83*/SET SCHEMA PUBLIC
DISCONNECT
/*C84*/SET SCHEMA PUBLIC
DISCONNECT
/*C85*/SET SCHEMA PUBLIC
DISCONNECT
/*C86*/SET SCHEMA PUBLIC
DISCONNECT
/*C87*/SET SCHEMA PUBLIC
DISCONNECT
/*C88*/SET SCHEMA PUBLIC
DISCONNECT
/*C89*/SET SCHEMA PUBLIC
DISCONNECT
/*C90*/SET SCHEMA PUBLIC
DISCONNECT
/*C91*/SET SCHEMA PUBLIC
DISCONNECT
/*C92*/SET SCHEMA PUBLIC
DELETE FROM PROGRAMA_HAS_GENEROS WHERE PROGRAMA_ID=1 AND GENERO_ID=2
DELETE FROM PROGRAMA_HAS_GENEROS WHERE PROGRAMA_ID=1 AND GENERO_ID=3
DELETE FROM PROGRAMA_HAS_GENEROS WHERE PROGRAMA_ID=1 AND GENERO_ID=4
DELETE FROM PROGRAMA_HAS_PAIS WHERE PROGRAMA_ID=1 AND LOCAL_ID=5
DELETE FROM PROGRAMA_HAS_PESSOAS WHERE PROGRAMA_ID=1 AND PESSOA_ID=6
DELETE FROM PROGRAMA_HAS_PESSOAS WHERE PROGRAMA_ID=1 AND PESSOA_ID=7
DELETE FROM PROGRAMA_HAS_PESSOAS WHERE PROGRAMA_ID=1 AND PESSOA_ID=8
DELETE FROM PROGRAMA_HAS_PESSOAS WHERE PROGRAMA_ID=1 AND PESSOA_ID=9
DELETE FROM PROGRAMA_HAS_PESSOAS WHERE PROGRAMA_ID=1 AND PESSOA_ID=10
DELETE FROM PROGRAMA_HAS_PESSOAS WHERE PROGRAMA_ID=1 AND PESSOA_ID=11
DELETE FROM PROGRAMA_HAS_PESSOAS WHERE PROGRAMA_ID=1 AND PESSOA_ID=12
DELETE FROM PROGRAMA_HAS_PESSOAS WHERE PROGRAMA_ID=1 AND PESSOA_ID=13
DELETE FROM PROGRAMA_HAS_PESSOAS WHERE PROGRAMA_ID=1 AND PESSOA_ID=14
DELETE FROM PROGRAMA_HAS_PESSOAS WHERE PROGRAMA_ID=1 AND PESSOA_ID=15
DELETE FROM PROGRAMA_HAS_PESSOAS WHERE PROGRAMA_ID=1 AND PESSOA_ID=16
DELETE FROM PROGRAMA_HAS_PESSOAS WHERE PROGRAMA_ID=1 AND PESSOA_ID=17
DELETE FROM PROGRAMA_HAS_PESSOAS WHERE PROGRAMA_ID=1 AND PESSOA_ID=18
DELETE FROM PROGRAMA_HAS_PESSOAS WHERE PROGRAMA_ID=1 AND PESSOA_ID=19
DELETE FROM PROGRAMA_HAS_PESSOAS WHERE PROGRAMA_ID=1 AND PESSOA_ID=20
DELETE FROM PROGRAMA_HAS_PESSOAS WHERE PROGRAMA_ID=1 AND PESSOA_ID=21
DELETE FROM PROGRAMA_HAS_PESSOAS WHERE PROGRAMA_ID=1 AND PESSOA_ID=22
DELETE FROM PROGRAMA_HAS_PESSOAS WHERE PROGRAMA_ID=1 AND PESSOA_ID=23
DELETE FROM PROGRAMA_HAS_PESSOAS WHERE PROGRAMA_ID=1 AND PESSOA_ID=24
DELETE FROM PROGRAMA_HAS_PESSOAS WHERE PROGRAMA_ID=1 AND PESSOA_ID=25
DELETE FROM PROGRAMA_HAS_PESSOAS WHERE PROGRAMA_ID=1 AND PESSOA_ID=26
DELETE FROM PROGRAMA_HAS_PESSOAS WHERE PROGRAMA_ID=1 AND PESSOA_ID=27
DELETE FROM PROGRAMA_HAS_PESSOAS WHERE PROGRAMA_ID=1 AND PESSOA_ID=28
DELETE FROM PROGRAMA_HAS_PESSOAS WHERE PROGRAMA_ID=1 AND PESSOA_ID=29
DELETE FROM PROGRAMA_HAS_PESSOAS WHERE PROGRAMA_ID=1 AND PESSOA_ID=30
DELETE FROM PROGRAMA_HAS_PESSOAS WHERE PROGRAMA_ID=1 AND PESSOA_ID=31
DELETE FROM PROGRAMA_HAS_PESSOAS WHERE PROGRAMA_ID=1 AND PESSOA_ID=32
DELETE FROM PROGRAMA_HAS_PESSOAS WHERE PROGRAMA_ID=1 AND PESSOA_ID=33
DELETE FROM PROGRAMA_HAS_PESSOAS WHERE PROGRAMA_ID=1 AND PESSOA_ID=34
DELETE FROM PROGRAMA_HAS_PESSOAS WHERE PROGRAMA_ID=1 AND PESSOA_ID=35
DELETE FROM PROGRAMA_HAS_PESSOAS WHERE PROGRAMA_ID=1 AND PESSOA_ID=36
DELETE FROM PROGRAMA_HAS_PESSOAS WHERE PROGRAMA_ID=1 AND PESSOA_ID=37
DELETE FROM PROGRAMA_HAS_PESSOAS WHERE PROGRAMA_ID=1 AND PESSOA_ID=38
DELETE FROM PROGRAMA_HAS_PESSOAS WHERE PROGRAMA_ID=1 AND PESSOA_ID=39
DELETE FROM PROGRAMA_HAS_PESSOAS WHERE PROGRAMA_ID=1 AND PESSOA_ID=40
DELETE FROM PROGRAMA_HAS_PESSOAS WHERE PROGRAMA_ID=1 AND PESSOA_ID=41
DELETE FROM PROGRAMA_HAS_PESSOAS WHERE PROGRAMA_ID=1 AND PESSOA_ID=42
DELETE FROM PROGRAMA_HAS_PESSOAS WHERE PROGRAMA_ID=1 AND PESSOA_ID=43
DELETE FROM PROGRAMA_HAS_PESSOAS WHERE PROGRAMA_ID=1 AND PESSOA_ID=44
DELETE FROM PROGRAMA_HAS_PESSOAS WHERE PROGRAMA_ID=1 AND PESSOA_ID=45
DELETE FROM PROGRAMA_HAS_PESSOAS WHERE PROGRAMA_ID=1 AND PESSOA_ID=46
DELETE FROM PROGRAMA_HAS_PESSOAS WHERE PROGRAMA_ID=1 AND PESSOA_ID=47
DELETE FROM PROGRAMA_HAS_PESSOAS WHERE PROGRAMA_ID=1 AND PESSOA_ID=48
DELETE FROM PROGRAMA_HAS_PESSOAS WHERE PROGRAMA_ID=1 AND PESSOA_ID=49
DELETE FROM PROGRAMA_HAS_PESSOAS WHERE PROGRAMA_ID=1 AND PESSOA_ID=50
DELETE FROM PROGRAMA_HAS_PESSOAS WHERE PROGRAMA_ID=1 AND PESSOA_ID=51
DELETE FROM PROGRAMA_HAS_PESSOAS WHERE PROGRAMA_ID=1 AND PESSOA_ID=52
DELETE FROM PROGRAMA_HAS_PESSOAS WHERE PROGRAMA_ID=1 AND PESSOA_ID=53
DELETE FROM PROGRAMA_HAS_PESSOAS WHERE PROGRAMA_ID=1 AND PESSOA_ID=54
DELETE FROM PROGRAMA_HAS_PESSOAS WHERE PROGRAMA_ID=1 AND PESSOA_ID=55
DELETE FROM PROGRAMA_HAS_PESSOAS WHERE PROGRAMA_ID=1 AND PESSOA_ID=56
DELETE FROM PROGRAMA_HAS_PESSOAS WHERE PROGRAMA_ID=1 AND PESSOA_ID=57
DELETE FROM PROGRAMA_HAS_PESSOAS WHERE PROGRAMA_ID=1 AND PESSOA_ID=58
DELETE FROM PROGRAMA_HAS_PESSOAS WHERE PROGRAMA_ID=1 AND PESSOA_ID=59
DELETE FROM PROGRAMA_HAS_PESSOAS WHERE PROGRAMA_ID=1 AND PESSOA_ID=60
DELETE FROM PROGRAMA_HAS_PESSOAS WHERE PROGRAMA_ID=1 AND PESSOA_ID=61
DELETE FROM PROGRAMA_HAS_PESSOAS WHERE PROGRAMA_ID=1 AND PESSOA_ID=62
DELETE FROM PROGRAMA_HAS_PESSOAS WHERE PROGRAMA_ID=1 AND PESSOA_ID=63
DELETE FROM PROGRAMA_HAS_PESSOAS WHERE PROGRAMA_ID=1 AND PESSOA_ID=64
DELETE FROM PROGRAMA_HAS_PESSOAS WHERE PROGRAMA_ID=1 AND PESSOA_ID=65
DELETE FROM PROGRAMA_HAS_PESSOAS WHERE PROGRAMA_ID=1 AND PESSOA_ID=66
DELETE FROM PROGRAMA_HAS_PESSOAS WHERE PROGRAMA_ID=1 AND PESSOA_ID=67
DELETE FROM PROGRAMA_HAS_PESSOAS WHERE PROGRAMA_ID=1 AND PESSOA_ID=68
DELETE FROM PROGRAMA_HAS_PESSOAS WHERE PROGRAMA_ID=1 AND PESSOA_ID=69
DELETE FROM PROGRAMA_HAS_PESSOAS WHERE PROGRAMA_ID=1 AND PESSOA_ID=70
DELETE FROM PROGRAMA_HAS_PESSOAS WHERE PROGRAMA_ID=1 AND PESSOA_ID=71
DELETE FROM PROGRAMA_HAS_PESSOAS WHERE PROGRAMA_ID=1 AND PESSOA_ID=72
DELETE FROM PROGRAMA_HAS_PESSOAS WHERE PROGRAMA_ID=1 AND PESSOA_ID=73
DELETE FROM PROGRAMA_HAS_PESSOAS WHERE PROGRAMA_ID=1 AND PESSOA_ID=74
DELETE FROM PROGRAMA_HAS_PESSOAS WHERE PROGRAMA_ID=1 AND PESSOA_ID=75
DELETE FROM PROGRAMA_HAS_PESSOAS WHERE PROGRAMA_ID=1 AND PESSOA_ID=76
DELETE FROM PROGRAMA_HAS_PESSOAS WHERE PROGRAMA_ID=1 AND PESSOA_ID=77
DELETE FROM PROGRAMA_HAS_PESSOAS WHERE PROGRAMA_ID=1 AND PESSOA_ID=78
DELETE FROM PROGRAMA_HAS_PESSOAS WHERE PROGRAMA_ID=1 AND PESSOA_ID=79
DELETE FROM PROGRAMA_HAS_PESSOAS WHERE PROGRAMA_ID=1 AND PESSOA_ID=80
DELETE FROM PROGRAMA_HAS_PESSOAS WHERE PROGRAMA_ID=1 AND PESSOA_ID=81
DELETE FROM PROGRAMA_HAS_PESSOAS WHERE PROGRAMA_ID=1 AND PESSOA_ID=82
DELETE FROM PROGRAMA_HAS_PESSOAS WHERE PROGRAMA_ID=1 AND PESSOA_ID=83
DELETE FROM PROGRAMA_HAS_PESSOAS WHERE PROGRAMA_ID=1 AND PESSOA_ID=84
DELETE FROM PROGRAMA_HAS_PESSOAS WHERE PROGRAMA_ID=1 AND PESSOA_ID=85
DELETE FROM PROGRAMA_HAS_PESSOAS WHERE PROGRAMA_ID=1 AND PESSOA_ID=86
DELETE FROM PROGRAMA_HAS_PESSOAS WHERE PROGRAMA_ID=1 AND PESSOA_ID=87
DELETE FROM PROGRAMA_HAS_PESSOAS WHERE PROGRAMA_ID=1 AND PESSOA_ID=88
DELETE FROM PROGRAMA_HAS_PESSOAS WHERE PROGRAMA_ID=1 AND PESSOA_ID=89
DELETE FROM PROGRAMA_HAS_PESSOAS WHERE PROGRAMA_ID=1 AND PESSOA_ID=90
DELETE FROM PROGRAMA_HAS_PESSOAS WHERE PROGRAMA_ID=1 AND PESSOA_ID=91
DELETE FROM PROGRAMA_HAS_PESSOAS WHERE PROGRAMA_ID=1 AND PESSOA_ID=92
DELETE FROM PROGRAMA_HAS_PESSOAS WHERE PROGRAMA_ID=1 AND PESSOA_ID=93
DELETE FROM PROGRAMA_HAS_PESSOAS WHERE PROGRAMA_ID=1 AND PESSOA_ID=94
DELETE FROM PROGRAMA_HAS_PESSOAS WHERE PROGRAMA_ID=1 AND PESSOA_ID=95
DELETE FROM PROGRAMA_HAS_PESSOAS WHERE PROGRAMA_ID=1 AND PESSOA_ID=96
DELETE FROM PROGRAMA_HAS_PESSOAS WHERE PROGRAMA_ID=1 AND PESSOA_ID=97
DELETE FROM PROGRAMA_HAS_PESSOAS WHERE PROGRAMA_ID=1 AND PESSOA_ID=98
DELETE FROM TB_FILME WHERE ID=1
COMMIT
